# JRE version: Java(TM) SE Runtime Environment (8.0_191-b12) (build 1.8.0_191-b12)
# Java VM: Java HotSpot(TM) Client VM (25.191-b12 mixed mode windows-x86 )
Heap:
 def new generation   total 78656K, used 78656K [0x05600000, 0x0ab50000, 0x0ab50000)
  eden space 69952K, 100% used [0x05600000, 0x09a50000, 0x09a50000)
  from space 8704K, 100% used [0x0a2d0000, 0x0ab50000, 0x0ab50000)
  to   space 8704K,   0% used [0x09a50000, 0x09a50000, 0x0a2d0000)
 tenured generation   total 174784K, used 174783K [0x0ab50000, 0x15600000, 0x15600000)
   the space 174784K,  99% used [0x0ab50000, 0x155ffff8, 0x15600000, 0x15600000)
 Metaspace       used 25450K, capacity 26060K, committed 26240K, reserved 27008K
GC Heap History (10 events):
Event: 27783.045 GC heap before
{Heap before GC invocations=115 (full 45):
 def new generation   total 78656K, used 78656K [0x05600000, 0x0ab50000, 0x0ab50000)
  eden space 69952K, 100% used [0x05600000, 0x09a50000, 0x09a50000)
  from space 8704K, 100% used [0x0a2d0000, 0x0ab50000, 0x0ab50000)
  to   space 8704K,   0% used [0x09a50000, 0x09a50000, 0x0a2d0000)
 tenured generation   total 174784K, used 174783K [0x0ab50000, 0x15600000, 0x15600000)
   the space 174784K,  99% used [0x0ab50000, 0x155ffff8, 0x15600000, 0x15600000)
 Metaspace       used 25450K, capacity 26060K, committed 26240K, reserved 27008K
Event: 27783.256 GC heap after
Heap after GC invocations=116 (full 46):
 def new generation   total 78656K, used 78656K [0x05600000, 0x0ab50000, 0x0ab50000)
  eden space 69952K, 100% used [0x05600000, 0x09a50000, 0x09a50000)
  from space 8704K, 100% used [0x0a2d0000, 0x0ab50000, 0x0ab50000)
  to   space 8704K,   0% used [0x09a50000, 0x09a50000, 0x0a2d0000)
 tenured generation   total 174784K, used 174783K [0x0ab50000, 0x15600000, 0x15600000)
   the space 174784K,  99% used [0x0ab50000, 0x155ffff8, 0x15600000, 0x15600000)
 Metaspace       used 25450K, capacity 26060K, committed 26240K, reserved 27008K
}
Event: 27783.256 GC heap before
{Heap before GC invocations=116 (full 46):
 def new generation   total 78656K, used 78656K [0x05600000, 0x0ab50000, 0x0ab50000)
  eden space 69952K, 100% used [0x05600000, 0x09a50000, 0x09a50000)
  from space 8704K, 100% used [0x0a2d0000, 0x0ab50000, 0x0ab50000)
  to   space 8704K,   0% used [0x09a50000, 0x09a50000, 0x0a2d0000)
 tenured generation   total 174784K, used 174783K [0x0ab50000, 0x15600000, 0x15600000)
   the space 174784K,  99% used [0x0ab50000, 0x155ffff8, 0x15600000, 0x15600000)
 Metaspace       used 25450K, capacity 26060K, committed 26240K, reserved 27008K
Event: 27783.469 GC heap after
Heap after GC invocations=117 (full 47):
 def new generation   total 78656K, used 78656K [0x05600000, 0x0ab50000, 0x0ab50000)
  eden space 69952K, 100% used [0x05600000, 0x09a50000, 0x09a50000)
  from space 8704K, 100% used [0x0a2d0000, 0x0ab50000, 0x0ab50000)
  to   space 8704K,   0% used [0x09a50000, 0x09a50000, 0x0a2d0000)
 tenured generation   total 174784K, used 174783K [0x0ab50000, 0x15600000, 0x15600000)
   the space 174784K,  99% used [0x0ab50000, 0x155ffff8, 0x15600000, 0x15600000)
 Metaspace       used 25450K, capacity 26060K, committed 26240K, reserved 27008K
}
Event: 27783.469 GC heap before
{Heap before GC invocations=117 (full 47):
 def new generation   total 78656K, used 78656K [0x05600000, 0x0ab50000, 0x0ab50000)
  eden space 69952K, 100% used [0x05600000, 0x09a50000, 0x09a50000)
  from space 8704K, 100% used [0x0a2d0000, 0x0ab50000, 0x0ab50000)
  to   space 8704K,   0% used [0x09a50000, 0x09a50000, 0x0a2d0000)
 tenured generation   total 174784K, used 174783K [0x0ab50000, 0x15600000, 0x15600000)
   the space 174784K,  99% used [0x0ab50000, 0x155ffff8, 0x15600000, 0x15600000)
 Metaspace       used 25450K, capacity 26060K, committed 26240K, reserved 27008K
Event: 27783.681 GC heap after
Heap after GC invocations=118 (full 48):
 def new generation   total 78656K, used 78656K [0x05600000, 0x0ab50000, 0x0ab50000)
  eden space 69952K, 100% used [0x05600000, 0x09a50000, 0x09a50000)
  from space 8704K, 100% used [0x0a2d0000, 0x0ab50000, 0x0ab50000)
  to   space 8704K,   0% used [0x09a50000, 0x09a50000, 0x0a2d0000)
 tenured generation   total 174784K, used 174783K [0x0ab50000, 0x15600000, 0x15600000)
   the space 174784K,  99% used [0x0ab50000, 0x155ffff8, 0x15600000, 0x15600000)
 Metaspace       used 25450K, capacity 26060K, committed 26240K, reserved 27008K
}
Event: 27783.681 GC heap before
{Heap before GC invocations=118 (full 48):
 def new generation   total 78656K, used 78656K [0x05600000, 0x0ab50000, 0x0ab50000)
  eden space 69952K, 100% used [0x05600000, 0x09a50000, 0x09a50000)
  from space 8704K, 100% used [0x0a2d0000, 0x0ab50000, 0x0ab50000)
  to   space 8704K,   0% used [0x09a50000, 0x09a50000, 0x0a2d0000)
 tenured generation   total 174784K, used 174783K [0x0ab50000, 0x15600000, 0x15600000)
   the space 174784K,  99% used [0x0ab50000, 0x155ffff8, 0x15600000, 0x15600000)
 Metaspace       used 25450K, capacity 26060K, committed 26240K, reserved 27008K
Event: 27783.892 GC heap after
Heap after GC invocations=119 (full 49):
 def new generation   total 78656K, used 78656K [0x05600000, 0x0ab50000, 0x0ab50000)
  eden space 69952K, 100% used [0x05600000, 0x09a50000, 0x09a50000)
  from space 8704K, 100% used [0x0a2d0000, 0x0ab50000, 0x0ab50000)
  to   space 8704K,   0% used [0x09a50000, 0x09a50000, 0x0a2d0000)
 tenured generation   total 174784K, used 174783K [0x0ab50000, 0x15600000, 0x15600000)
   the space 174784K,  99% used [0x0ab50000, 0x155ffff8, 0x15600000, 0x15600000)
 Metaspace       used 25450K, capacity 26060K, committed 26240K, reserved 27008K
}
Event: 27783.892 GC heap before
{Heap before GC invocations=119 (full 49):
 def new generation   total 78656K, used 78656K [0x05600000, 0x0ab50000, 0x0ab50000)
  eden space 69952K, 100% used [0x05600000, 0x09a50000, 0x09a50000)
  from space 8704K, 100% used [0x0a2d0000, 0x0ab50000, 0x0ab50000)
  to   space 8704K,   0% used [0x09a50000, 0x09a50000, 0x0a2d0000)
 tenured generation   total 174784K, used 174783K [0x0ab50000, 0x15600000, 0x15600000)
   the space 174784K,  99% used [0x0ab50000, 0x155ffff8, 0x15600000, 0x15600000)
 Metaspace       used 25450K, capacity 26060K, committed 26240K, reserved 27008K
Event: 27784.150 GC heap after
Heap after GC invocations=120 (full 50):
 def new generation   total 78656K, used 78656K [0x05600000, 0x0ab50000, 0x0ab50000)
  eden space 69952K, 100% used [0x05600000, 0x09a50000, 0x09a50000)
  from space 8704K, 100% used [0x0a2d0000, 0x0ab50000, 0x0ab50000)
  to   space 8704K,   0% used [0x09a50000, 0x09a50000, 0x0a2d0000)
 tenured generation   total 174784K, used 174783K [0x0ab50000, 0x15600000, 0x15600000)
   the space 174784K,  99% used [0x0ab50000, 0x155ffdf8, 0x155ffe00, 0x15600000)
 Metaspace       used 25450K, capacity 26060K, committed 26240K, reserved 27008K
}

